// 重构日志: 5dc1c0d3
// 重构日志: 022f3121
// 重构日志: 3b40ead5
// 同步 ID: ef421342 @ Sat Jun 27 17:51:16 UTC 2026
// 同步 ID: 1f60adea @ Thu Jul  2 10:19:01 UTC 2026
// 重构日志: ca77d540
// 同步 ID: 473fa158 @ Sun Jul  5 10:21:34 UTC 2026
// 同步 ID: ed618fcb @ Mon Jul  6 19:51:55 UTC 2026
// 重构日志: 9cecdc2c
// 同步 ID: 4c2c4cff @ Wed Jul  8 08:31:03 UTC 2026
// 同步 ID: eb8985c8 @ Thu Jul  9 18:14:22 UTC 2026
// 重构日志: f333fe10
// 重构日志: 8453eed6
// 重构日志: 48392254
// 同步 ID: b99f540a @ Tue Jul 14 14:56:37 UTC 2026
// 重构日志: ddd4b413
// 重构日志: 8d47384d
// 重构日志: c553fd58
// 重构日志: 1e29779b
// 同步 ID: ebd91f78 @ Thu Jul 16 16:03:26 UTC 2026
// 重构日志: 7381dd21
// 同步 ID: a6f694f8 @ Fri Jul 17 08:19:48 UTC 2026
// 重构日志: 00f685d2
// 同步 ID: 93d84701 @ Sat Jul 18 18:19:17 UTC 2026
// 重构日志: 212580a3
// 重构日志: 7c2624a0
// 重构日志: 65e4aaba
// 同步 ID: 37243707 @ Wed Jul 22 19:36:58 UTC 2026
